1
0
1
ASSEMBLY
6
BIPOD
BIPOD
BIPOD-RAD-2
BIPOD
BIPOD-RAD-3
BIPOD
STRUT-1
STRUT
STRUT-1-RAD-2
STRUT
STRUT-1-RAD-3
STRUT
6
BIPOD
33
4 1
5 2
6 3
7 4
8 5
9 6
10 7
11 8
12 9
13 10
14 11
15 12
16 13
17 14
18 15
19 16
20 17
21 18
22 19
23 20
24 21
25 22
26 23
27 24
28 25
29 26
30 27
31 28
32 29
33 30
34 31
35 32
36 33
-2147483647
BIPOD-RAD-2
33
37 1
38 2
39 3
40 4
41 5
42 6
43 7
44 8
45 9
46 10
47 11
48 12
49 13
50 14
51 15
52 16
53 17
54 18
55 19
56 20
57 21
58 22
59 23
60 24
61 25
62 26
63 27
64 28
65 29
66 30
67 31
68 32
69 33
-2147483647
BIPOD-RAD-3
33
70 1
71 2
72 3
73 4
74 5
75 6
76 7
77 8
78 9
79 10
80 11
81 12
82 13
83 14
84 15
85 16
86 17
87 18
88 19
89 20
90 21
91 22
92 23
93 24
94 25
95 26
96 27
97 28
98 29
99 30
100 31
101 32
102 33
-2147483647
STRUT-1
23
103 1
104 2
105 3
106 4
107 5
108 6
109 7
110 8
111 9
112 10
113 11
114 12
115 13
116 14
117 15
118 16
119 17
120 18
121 19
122 20
123 21
124 22
125 23
-2147483647
STRUT-1-RAD-2
23
126 1
127 2
128 3
129 4
130 5
131 6
132 7
133 8
134 9
135 10
136 11
137 12
138 13
139 14
140 15
141 16
142 17
143 18
144 19
145 20
146 21
147 22
148 23
-2147483647
STRUT-1-RAD-3
23
149 1
150 2
151 3
152 4
153 5
154 6
155 7
156 8
157 9
158 10
159 11
160 12
161 13
162 14
163 15
164 16
165 17
166 18
167 19
168 20
169 21
170 22
171 23
-2147483647
3
1 1
2 2
3 3
-2147483647
6
BIPOD
32
4 1
5 2
6 3
7 4
8 5
9 6
10 7
11 8
12 9
13 10
14 11
15 12
16 13
17 14
18 15
19 16
20 17
21 18
22 19
23 20
24 21
25 22
26 23
27 24
28 25
29 26
30 27
31 28
32 29
33 30
34 31
35 32
-2147483647
BIPOD-RAD-2
32
36 1
37 2
38 3
39 4
40 5
41 6
42 7
43 8
44 9
45 10
46 11
47 12
48 13
49 14
50 15
51 16
52 17
53 18
54 19
55 20
56 21
57 22
58 23
59 24
60 25
61 26
62 27
63 28
64 29
65 30
66 31
67 32
-2147483647
BIPOD-RAD-3
32
68 1
69 2
70 3
71 4
72 5
73 6
74 7
75 8
76 9
77 10
78 11
79 12
80 13
81 14
82 15
83 16
84 17
85 18
86 19
87 20
88 21
89 22
90 23
91 24
92 25
93 26
94 27
95 28
96 29
97 30
98 31
99 32
-2147483647
STRUT-1
22
100 1
101 2
102 3
103 4
104 5
105 6
106 7
107 8
108 9
109 10
110 11
111 12
112 13
113 14
114 15
115 16
116 17
117 18
118 19
119 20
120 21
121 22
-2147483647
STRUT-1-RAD-2
22
122 1
123 2
124 3
125 4
126 5
127 6
128 7
129 8
130 9
131 10
132 11
133 12
134 13
135 14
136 15
137 16
138 17
139 18
140 19
141 20
142 21
143 22
-2147483647
STRUT-1-RAD-3
22
144 1
145 2
146 3
147 4
148 5
149 6
150 7
151 8
152 9
153 10
154 11
155 12
156 13
157 14
158 15
159 16
160 17
161 18
162 19
163 20
164 21
165 22
-2147483647
3
1 1
2 2
3 3
-2147483647
5

0
2
0
7

3
1 2 3 
BIPOD
32
4 5 6 7 8 9 10 11 12 13 14 15 16 17 18 19 20 21 22 23 24 25 26 27 28 29 30 31 32 33 34 35 
BIPOD-RAD-2
32
36 37 38 39 40 41 42 43 44 45 46 47 48 49 50 51 52 53 54 55 56 57 58 59 60 61 62 63 64 65 66 67 
BIPOD-RAD-3
32
68 69 70 71 72 73 74 75 76 77 78 79 80 81 82 83 84 85 86 87 88 89 90 91 92 93 94 95 96 97 98 99 
STRUT-1
22
100 101 102 103 104 105 106 107 108 109 110 111 112 113 114 115 116 117 118 119 120 121 
STRUT-1-RAD-2
22
122 123 124 125 126 127 128 129 130 131 132 133 134 135 136 137 138 139 140 141 142 143 
STRUT-1-RAD-3
22
144 145 146 147 148 149 150 151 152 153 154 155 156 157 158 159 160 161 162 163 164 165 
0
_PICKEDSET32_M2_
0
1
1
2 
0
0
_PICKEDSET33_M1_
0
1
1
1 
0
0
_PICKEDSET34_S_
0
1
1
3 
0
0
_PICKEDSET66
0
2
0
6
BIPOD
32
4 5 6 7 8 9 10 11 12 13 14 15 16 17 18 19 20 21 22 23 24 25 26 27 28 29 30 31 32 33 34 35 
BIPOD-RAD-2
32
36 37 38 39 40 41 42 43 44 45 46 47 48 49 50 51 52 53 54 55 56 57 58 59 60 61 62 63 64 65 66 67 
BIPOD-RAD-3
32
68 69 70 71 72 73 74 75 76 77 78 79 80 81 82 83 84 85 86 87 88 89 90 91 92 93 94 95 96 97 98 99 
STRUT-1-RAD-2
22
122 123 124 125 126 127 128 129 130 131 132 133 134 135 136 137 138 139 140 141 142 143 
STRUT-1
22
100 101 102 103 104 105 106 107 108 109 110 111 112 113 114 115 116 117 118 119 120 121 
STRUT-1-RAD-3
22
144 145 146 147 148 149 150 151 152 153 154 155 156 157 158 159 160 161 162 163 164 165 
0
7
BIPOD
6
 P       1
0
2
32
4 5 6 7 8 9 10 11 12 13 14 15 16 17 18 19 20 21 22 23 24 25 26 27 28 29 30 31 32 33 34 35 
0
0
 P       1_PICKEDSET66
0
2
32
4 5 6 7 8 9 10 11 12 13 14 15 16 17 18 19 20 21 22 23 24 25 26 27 28 29 30 31 32 33 34 35 
0
0
SURFACE
0
1
8
16 17 18 19 20 21 22 23 
0
0
_PICKEDSET2
0
2
24
4 5 6 7 12 13 14 15 16 17 18 19 20 21 22 23 24 25 26 27 32 33 34 35 
0
0
_PICKEDSET3
0
2
8
8 9 10 11 28 29 30 31 
0
0
_SURF-1_
0
2
8
16 17 18 19 20 21 22 23 
0
0
0
BIPOD-RAD-2
6
 P       2
0
2
32
36 37 38 39 40 41 42 43 44 45 46 47 48 49 50 51 52 53 54 55 56 57 58 59 60 61 62 63 64 65 66 67 
0
0
 P       2_PICKEDSET66
0
2
32
36 37 38 39 40 41 42 43 44 45 46 47 48 49 50 51 52 53 54 55 56 57 58 59 60 61 62 63 64 65 66 67 
0
0
SURFACE
0
1
8
48 49 50 51 52 53 54 55 
0
0
_PICKEDSET2
0
2
24
36 37 38 39 44 45 46 47 48 49 50 51 52 53 54 55 56 57 58 59 64 65 66 67 
0
0
_PICKEDSET3
0
2
8
40 41 42 43 60 61 62 63 
0
0
_SURF-1_
0
2
8
48 49 50 51 52 53 54 55 
0
0
0

1
 P       0
0
2
3
1 2 3 
0
0
0
BIPOD-RAD-3
6
 P       3
0
2
32
68 69 70 71 72 73 74 75 76 77 78 79 80 81 82 83 84 85 86 87 88 89 90 91 92 93 94 95 96 97 98 99 
0
0
 P       3_PICKEDSET66
0
2
32
68 69 70 71 72 73 74 75 76 77 78 79 80 81 82 83 84 85 86 87 88 89 90 91 92 93 94 95 96 97 98 99 
0
0
SURFACE
0
1
8
80 81 82 83 84 85 86 87 
0
0
_PICKEDSET2
0
2
24
68 69 70 71 76 77 78 79 80 81 82 83 84 85 86 87 88 89 90 91 96 97 98 99 
0
0
_PICKEDSET3
0
2
8
72 73 74 75 92 93 94 95 
0
0
_SURF-1_
0
2
8
80 81 82 83 84 85 86 87 
0
0
0
STRUT-1
3
 P       4
0
2
22
100 101 102 103 104 105 106 107 108 109 110 111 112 113 114 115 116 117 118 119 120 121 
0
0
 P       4_PICKEDSET66
0
2
22
100 101 102 103 104 105 106 107 108 109 110 111 112 113 114 115 116 117 118 119 120 121 
0
0
_PICKEDSET2
0
2
22
100 101 102 103 104 105 106 107 108 109 110 111 112 113 114 115 116 117 118 119 120 121 
0
0
0
STRUT-1-RAD-2
3
 P       5
0
2
22
122 123 124 125 126 127 128 129 130 131 132 133 134 135 136 137 138 139 140 141 142 143 
0
0
 P       5_PICKEDSET66
0
2
22
122 123 124 125 126 127 128 129 130 131 132 133 134 135 136 137 138 139 140 141 142 143 
0
0
_PICKEDSET2
0
2
22
122 123 124 125 126 127 128 129 130 131 132 133 134 135 136 137 138 139 140 141 142 143 
0
0
0
STRUT-1-RAD-3
3
 P       6
0
2
22
144 145 146 147 148 149 150 151 152 153 154 155 156 157 158 159 160 161 162 163 164 165 
0
0
 P       6_PICKEDSET66
0
2
22
144 145 146 147 148 149 150 151 152 153 154 155 156 157 158 159 160 161 162 163 164 165 
0
0
_PICKEDSET2
0
2
22
144 145 146 147 148 149 150 151 152 153 154 155 156 157 158 159 160 161 162 163 164 165 
0
0
0
22

0
2
0
7

3
1 2 3 
BIPOD
33
4 5 6 7 8 9 10 11 12 13 14 15 16 17 18 19 20 21 22 23 24 25 26 27 28 29 30 31 32 33 34 35 36 
BIPOD-RAD-2
33
37 38 39 40 41 42 43 44 45 46 47 48 49 50 51 52 53 54 55 56 57 58 59 60 61 62 63 64 65 66 67 68 69 
BIPOD-RAD-3
33
70 71 72 73 74 75 76 77 78 79 80 81 82 83 84 85 86 87 88 89 90 91 92 93 94 95 96 97 98 99 100 101 102 
STRUT-1
23
103 104 105 106 107 108 109 110 111 112 113 114 115 116 117 118 119 120 121 122 123 124 125 
STRUT-1-RAD-2
23
126 127 128 129 130 131 132 133 134 135 136 137 138 139 140 141 142 143 144 145 146 147 148 
STRUT-1-RAD-3
23
149 150 151 152 153 154 155 156 157 158 159 160 161 162 163 164 165 166 167 168 169 170 171 
0
 ADJFREE
0
2
0
3
STRUT-1
1
103 
STRUT-1-RAD-2
1
126 
STRUT-1-RAD-3
1
149 
0
 NOT_TIED_SEC_NOD_ASSEMBLY_M2_STRT_ASSEMBLY__PICKEDSET47_CNS_
0
2
0
3
STRUT-1
1
125 
STRUT-1-RAD-2
1
148 
STRUT-1-RAD-3
1
171 
0
BP1_STRT1_ATTCHMNT_NODES
0
1
0
1
BIPOD
4
23 24 25 26 
0
BP2_STRT2_ATTCHMNT_NODES
0
1
0
1
BIPOD-RAD-2
4
56 57 58 59 
0
BP3_STRT3_ATTCHMNT_NODES
0
1
0
1
BIPOD-RAD-3
4
89 90 91 92 
0
BP_S_ATTCHMNT_NODES
0
1
0
3
BIPOD-RAD-2
2
40 42 
BIPOD
2
7 9 
BIPOD-RAD-3
2
73 75 
0
M1_BP_ATTCHMNT_NODES
0
1
0
3
BIPOD-RAD-2
2
55 60 
BIPOD
2
22 27 
BIPOD-RAD-3
2
88 93 
0
WarnNodeAdjust
0
1
0
3
STRUT-1
1
103 
STRUT-1-RAD-2
1
126 
STRUT-1-RAD-3
1
149 
0
WarnNodeMissMainIntersect
0
1
0
3
STRUT-1
1
125 
STRUT-1-RAD-2
1
148 
STRUT-1-RAD-3
1
171 
0
_PICKEDSET46
0
2
1
1 
0
0
_PICKEDSET47
0
2
0
3
STRUT-1
1
125 
STRUT-1-RAD-2
1
148 
STRUT-1-RAD-3
1
171 
0
_PICKEDSET52
0
2
0
3
BIPOD
2
4 12 
BIPOD-RAD-2
2
37 45 
BIPOD-RAD-3
2
70 78 
0
_PICKEDSET53
0
2
0
1
STRUT-1-RAD-2
1
126 
0
_PICKEDSET54
0
2
0
1
STRUT-1
1
103 
0
_PICKEDSET55
0
2
0
1
STRUT-1-RAD-3
1
149 
0
_PICKEDSET60
0
2
1
2 
0
0
_PICKEDSET65
0
2
1
3 
0
0
_PICKEDSET66
0
2
0
6
BIPOD
33
4 5 6 7 8 9 10 11 12 13 14 15 16 17 18 19 20 21 22 23 24 25 26 27 28 29 30 31 32 33 34 35 36 
BIPOD-RAD-2
33
37 38 39 40 41 42 43 44 45 46 47 48 49 50 51 52 53 54 55 56 57 58 59 60 61 62 63 64 65 66 67 68 69 
BIPOD-RAD-3
33
70 71 72 73 74 75 76 77 78 79 80 81 82 83 84 85 86 87 88 89 90 91 92 93 94 95 96 97 98 99 100 101 102 
STRUT-1-RAD-2
23
126 127 128 129 130 131 132 133 134 135 136 137 138 139 140 141 142 143 144 145 146 147 148 
STRUT-1
23
103 104 105 106 107 108 109 110 111 112 113 114 115 116 117 118 119 120 121 122 123 124 125 
STRUT-1-RAD-3
23
149 150 151 152 153 154 155 156 157 158 159 160 161 162 163 164 165 166 167 168 169 170 171 
0
_PICKEDSET67
0
2
1
1 
0
0
_PICKEDSET68
0
2
1
2 
0
0
_PICKEDSET69
0
2
1
3 
0
0
7
BIPOD
9
 P       1
0
2
33
4 5 6 7 8 9 10 11 12 13 14 15 16 17 18 19 20 21 22 23 24 25 26 27 28 29 30 31 32 33 34 35 36 
0
0
 P       1BP_S_ATTCHMNT_NODES
0
2
2
7 9 
0
0
 P       1M1_BP_ATTCHMNT_NODES
0
2
2
22 27 
0
0
 P       1_PICKEDSET52
0
2
2
4 12 
0
0
 P       1_PICKEDSET66
0
2
33
4 5 6 7 8 9 10 11 12 13 14 15 16 17 18 19 20 21 22 23 24 25 26 27 28 29 30 31 32 33 34 35 36 
0
0
MIDPOINT
0
1
1
8 
0
0
SURFACE
0
1
9
7 8 9 22 23 24 25 26 27 
0
0
_PICKEDSET2
0
2
27
4 5 6 7 8 9 10 11 12 13 14 15 19 20 21 22 23 24 25 26 27 28 29 30 34 35 36 
0
0
_PICKEDSET3
0
2
10
5 6 10 11 16 17 18 31 32 33 
0
0
0
BIPOD-RAD-2
9
 P       2
0
2
33
37 38 39 40 41 42 43 44 45 46 47 48 49 50 51 52 53 54 55 56 57 58 59 60 61 62 63 64 65 66 67 68 69 
0
0
 P       2BP_S_ATTCHMNT_NODES
0
2
2
40 42 
0
0
 P       2M1_BP_ATTCHMNT_NODES
0
2
2
55 60 
0
0
 P       2_PICKEDSET52
0
2
2
37 45 
0
0
 P       2_PICKEDSET66
0
2
33
37 38 39 40 41 42 43 44 45 46 47 48 49 50 51 52 53 54 55 56 57 58 59 60 61 62 63 64 65 66 67 68 69 
0
0
MIDPOINT
0
1
1
41 
0
0
SURFACE
0
1
9
40 41 42 55 56 57 58 59 60 
0
0
_PICKEDSET2
0
2
27
37 38 39 40 41 42 43 44 45 46 47 48 52 53 54 55 56 57 58 59 60 61 62 63 67 68 69 
0
0
_PICKEDSET3
0
2
10
38 39 43 44 49 50 51 64 65 66 
0
0
0

1
 P       0
0
2
3
1 2 3 
0
0
0
BIPOD-RAD-3
9
 P       3
0
2
33
70 71 72 73 74 75 76 77 78 79 80 81 82 83 84 85 86 87 88 89 90 91 92 93 94 95 96 97 98 99 100 101 102 
0
0
 P       3BP_S_ATTCHMNT_NODES
0
2
2
73 75 
0
0
 P       3M1_BP_ATTCHMNT_NODES
0
2
2
88 93 
0
0
 P       3_PICKEDSET52
0
2
2
70 78 
0
0
 P       3_PICKEDSET66
0
2
33
70 71 72 73 74 75 76 77 78 79 80 81 82 83 84 85 86 87 88 89 90 91 92 93 94 95 96 97 98 99 100 101 102 
0
0
MIDPOINT
0
1
1
74 
0
0
SURFACE
0
1
9
73 74 75 88 89 90 91 92 93 
0
0
_PICKEDSET2
0
2
27
70 71 72 73 74 75 76 77 78 79 80 81 85 86 87 88 89 90 91 92 93 94 95 96 100 101 102 
0
0
_PICKEDSET3
0
2
10
71 72 76 77 82 83 84 97 98 99 
0
0
0
STRUT-1
8
 P       4
0
2
23
103 104 105 106 107 108 109 110 111 112 113 114 115 116 117 118 119 120 121 122 123 124 125 
0
0
 P       4 ADJFREE
0
2
1
103 
0
0
 P       4 NOT_TIED_SEC_NOD_ASSEMBLY_M2_STRT_ASSEMBLY__PICKEDSET47_CNS_
0
2
1
125 
0
0
 P       4WarnNodeAdjust
0
2
1
103 
0
0
 P       4WarnNodeMissMainIntersect
0
2
1
125 
0
0
 P       4_PICKEDSET47
0
2
1
125 
0
0
 P       4_PICKEDSET66
0
2
23
103 104 105 106 107 108 109 110 111 112 113 114 115 116 117 118 119 120 121 122 123 124 125 
0
0
_PICKEDSET2
0
2
23
103 104 105 106 107 108 109 110 111 112 113 114 115 116 117 118 119 120 121 122 123 124 125 
0
0
0
STRUT-1-RAD-2
8
 P       5
0
2
23
126 127 128 129 130 131 132 133 134 135 136 137 138 139 140 141 142 143 144 145 146 147 148 
0
0
 P       5 ADJFREE
0
2
1
126 
0
0
 P       5 NOT_TIED_SEC_NOD_ASSEMBLY_M2_STRT_ASSEMBLY__PICKEDSET47_CNS_
0
2
1
148 
0
0
 P       5WarnNodeAdjust
0
2
1
126 
0
0
 P       5WarnNodeMissMainIntersect
0
2
1
148 
0
0
 P       5_PICKEDSET47
0
2
1
148 
0
0
 P       5_PICKEDSET66
0
2
23
126 127 128 129 130 131 132 133 134 135 136 137 138 139 140 141 142 143 144 145 146 147 148 
0
0
_PICKEDSET2
0
2
23
126 127 128 129 130 131 132 133 134 135 136 137 138 139 140 141 142 143 144 145 146 147 148 
0
0
0
STRUT-1-RAD-3
8
 P       6
0
2
23
149 150 151 152 153 154 155 156 157 158 159 160 161 162 163 164 165 166 167 168 169 170 171 
0
0
 P       6 ADJFREE
0
2
1
149 
0
0
 P       6 NOT_TIED_SEC_NOD_ASSEMBLY_M2_STRT_ASSEMBLY__PICKEDSET47_CNS_
0
2
1
171 
0
0
 P       6WarnNodeAdjust
0
2
1
149 
0
0
 P       6WarnNodeMissMainIntersect
0
2
1
171 
0
0
 P       6_PICKEDSET47
0
2
1
171 
0
0
 P       6_PICKEDSET66
0
2
23
149 150 151 152 153 154 155 156 157 158 159 160 161 162 163 164 165 166 167 168 169 170 171 
0
0
_PICKEDSET2
0
2
23
149 150 151 152 153 154 155 156 157 158 159 160 161 162 163 164 165 166 167 168 169 170 171 
0
0
0
3
BIPOD
1
SURF-1
0
0
1

8
16 17 18 19 20 21 22 23 
BIPOD-RAD-2
1
SURF-1
0
0
1

8
48 49 50 51 52 53 54 55 
BIPOD-RAD-3
1
SURF-1
0
0
1

8
80 81 82 83 84 85 86 87 
8
BP1_STRT1_ATTCHMNT_NODES_CNS_
1
0
0
1
BIPOD
1
0
4
23
1
24
1
25
1
26
1
BP2_STRT2_ATTCHMNT_NODES_CNS_
1
0
0
1
BIPOD-RAD-2
1
0
4
56
1
57
1
58
1
59
1
BP3_STRT3_ATTCHMNT_NODES_CNS_
1
0
0
1
BIPOD-RAD-3
1
0
4
89
1
90
1
91
1
92
1
_PICKEDSET46_CNS_
1
0
1
1
1
0
_PICKEDSET47_CNS_
1
0
0
3
STRUT-1
1
0
1
125
1
STRUT-1-RAD-2
1
0
1
148
1
STRUT-1-RAD-3
1
0
1
171
1
_PICKEDSET53_CNS_
1
0
0
1
STRUT-1-RAD-2
1
0
1
126
1
_PICKEDSET54_CNS_
1
0
0
1
STRUT-1
1
0
1
103
1
_PICKEDSET55_CNS_
1
0
0
1
STRUT-1-RAD-3
1
0
1
149
1
