1
 
 
 
 
                                                             
                 Copyright 2020 Siemens Product Lifecycle    
                        Management Software Inc.             
                         All Rights Reserved.                
                                                             
               This software and related documentation are   
                 proprietary to Siemens Product Lifecycle    
                        Management Software Inc.             
                                                             
              Siemens and the Siemens logo are registered    
           trademarks of Siemens AG. Simcenter is a trademark
              or registered trademark of Siemens Product     
               Lifecycle Management Software Inc. or its     
             subsidiaries in the United States and in other  
             countries.  NASTRAN is a registered trademark   
                 of the National Aeronautics and Space       
                 Administration.  All other trademarks,      
              registered trademarks or service marks belong  
                      to their respective holders.           
                                                             
           LIMITATIONS TO U.S. GOVERNMENT RIGHTS. UNPUBLISHED
           - RIGHTS RESERVED UNDER THE COPYRIGHT LAWS OF THE 
            UNITED STATES. This computer software and related
               computer software documentation have been     
            developed exclusively at private expense and are 
           provided subject to the following rights:  If this
               computer software and computer  software      
            documentation qualify as "commercial items" (as  
             that term is defined in FAR 2.101), their use,  
            duplication or disclosure by the U.S. Government 
           is subject to the protections and restrictions as 
            set forth in the Siemens commercial license for  
            software and/or documentation, as prescribed in  
           FAR 12.212 and FAR 27.405(b)(2)(i) (for civilian  
             agencies) and in DFARS 227.7202-1(a) and DFARS  
           227.7202-3(a) (for the Department of Defense), or 
           any successor or similar regulation, as applicable
           or as amended from time to time.  If this computer
           software and computer documentation do not qualify
            as "commercial items", then they are "restricted 
           computer software" and are provided with "restric-
            tive rights", and their use, duplication or dis- 
            closure by the U.S. Government is subject to the 
            protections and restrictions as set forth in FAR 
           27.404(b) and FAR 52-227-14 (for civilian agencies
           ), and DFARS 227.7203-5(c) and DFARS 252.227-7014 
           (for the Department of Defense), or any successor 
           or similar regulation, as applicable or as amended
              from time to time.  Siemens PLM Software Inc.  
            5800 Granite Parkway, Suite 600, Plano, TX 75024 

                * * * * * * * * * * * * * * * * * * * *
                * * * * * * * * * * * * * * * * * * * *
                * *                                 * *
                * *                                 * *
                * *                                 * *
                * *                                 * *
                * *     Simcenter Nastran 2020.1    * *
                * *                                 * *
                * *       VERSION - 1899.0001       * *
                * *                                 * *
                * *          FEB  3, 2020           * *
                * *                                 * *
                * *                                 * *
                * *Intel64 Family 6 Model 158 Stepp * *
                * *                                 * *
                * *MODEL Intel(R) Core(TM) i5-9300H * *
                * *                                 * *
                * *           Windows 10            * *
                * *                                 * *
                * *       Compiled for X86-64       * *
                * *                                 * *
                * * * * * * * * * * * * * * * * * * * *
                * * * * * * * * * * * * * * * * * * * *
1 
  
                      Welcome to Simcenter Nastran
                      ----------------------------
  
  
 This "news" information can be turned off by setting "news=no" in the runtime
 configuration (RC) file.  The "news" keyword can be set in the system RC file
 for global, or multi-user control, and in a local file for local control.
 Individual jobs can be controlled by setting news to yes or no on the command
 line.
1                                                                             MARCH  23, 2024  SIMCENTER NASTRAN  2/ 3/20   PAGE     1
                                                                                                                                    
0        N A S T R A N    F I L E    A N D    S Y S T E M    P A R A M E T E R    E C H O                                           
0                                                                                                                                   
                                                                                                                                    
                                                                                                                                    
     NASTRAN BUFFSIZE=32769 $(C:/PROGRAM FILES/SIEMENS/NX1899/NXNASTRAN/CONF/NASTRAN.
     NASTRAN BUFFPOOL=5837                                                           
     NASTRAN DIAGA=128 DIAGB=0 $(C:/PROGRAM FILES/SIEMENS/NX1899/NXNASTRAN/CONF/NASTR
     NASTRAN SYSTEM(442)=2 $(COMMAND LINE[5])                                        
     NASTRAN REAL=2124546048 $(MEMORY LIMIT FOR MPI AND OTHER SPECIALIZED MODULES)   
     $*$$$$$$$$$$$$$$$$$$$$$$$$$$$$$$$$$$$$$$$$$$$$$$$$$$$$$$$$$$$$$$$$$             
     $*                                                                              
     $*                    SIMCENTER V1911.0.0.2501 TRANSLATOR                       
     $*                    FOR SIMCENTER NASTRAN VERSION 2020.1                      
     $*                                                                              
     $*             FEM FILE: D:\TEMPORARY\DELFT\POST_ADMIN\CLASS\SPACECRAFT_STRUCT_D
     $*             SIM FILE: D:\TEMPORARY\DELFT\POST_ADMIN\CLASS\SPACECRAFT_STRUCT_D
     $*        ANALYSIS TYPE: STRUCTURAL                                             
     $*        SOLUTION NAME: MODAL                                                  
     $*        SOLUTION TYPE: SOL 103 REAL EIGENVALUES                               
     $*                                                                              
     $*    SOLVER INPUT FILE: ASSEMBLY_SIM1-MODAL.DAT                                
     $*        CREATION DATE: 23-MAR-2024                                            
     $*        CREATION TIME: 12:40:35                                               
     $*             HOSTNAME: LAPTOP-4ODISQVG                                        
     $*      NASTRAN LICENSE: DESKTOP BUNDLE                                         
     $*                                                                              
     $*                UNITS: MM (MILLI-NEWTON)                                      
     $*                      ... LENGTH : MM                                         
     $*                      ... TIME   : SEC                                        
     $*                      ... MASS   : KILOGRAM (KG)                              
     $*                      ... TEMPERATURE : DEG CELSIUS                           
     $*                      ... FORCE  : MILLI-NEWTON                               
     $*                      ... THERMAL ENERGY : MN-MM (MICRO-JOULE)                
     $*                                                                              
     $* IMPORTANT NOTE:                                                              
     $*     THIS BANNER WAS GENERATED BY SIMCENTER AND ALTERING THIS                 
     $*     INFORMATION MAY COMPROMISE THE PRE AND POST PROCESSING OF RESULTS        
     $*                                                                              
     $*$$$$$$$$$$$$$$$$$$$$$$$$$$$$$$$$$$$$$$$$$$$$$$$$$$$$$$$$$$$$$$$$$             
     $*                                                                              
     $*$$$$$$$$$$$$$$$$$$$$$$$$$$$$$$$$$$$                                           
     $*                                                                              
     $* FILE MANAGEMENT                                                              
     $*                                                                              
     $*$$$$$$$$$$$$$$$$$$$$$$$$$$$$$$$$$$$                                           
     $*                                                                              
     $*                                                                              
     $*$$$$$$$$$$$$$$$$$$$$$$$$$$$$$$$$$$$                                           
     $*                                                                              
     $* EXECUTIVE CONTROL                                                            
     $*                                                                              
     $*$$$$$$$$$$$$$$$$$$$$$$$$$$$$$$$$$$$                                           
     $*                                                                              
1                                                                             MARCH  23, 2024  SIMCENTER NASTRAN  2/ 3/20   PAGE     2
                                                                                                                                    
0        N A S T R A N    E X E C U T I V E    C O N T R O L    E C H O                                                             
0                                                                                                                                   
                                                                                                                                    
                                                                                                                                    
     ID,NASTRAN,ASSEMBLY_SIM1-MODAL                                                          
     SOL 103                                                                                 
     CEND                                                                                    
1                                                                             MARCH  23, 2024  SIMCENTER NASTRAN  2/ 3/20   PAGE     3
                                                                                                                                    
0                                                                                                                                   
0                                        C A S E    C O N T R O L    E C H O                                                        
                 COMMAND                                                                                                            
                 COUNT                                                                                                              
                  1      $*                                                                                      
                  2      $*$$$$$$$$$$$$$$$$$$$$$$$$$$$$$$$$$$$                                                   
                  3      $*                                                                                      
                  4      $* CASE CONTROL                                                                         
                  5      $*                                                                                      
                  6      $*$$$$$$$$$$$$$$$$$$$$$$$$$$$$$$$$$$$                                                   
                  7      $*                                                                                      
                  8      ECHO = NONE                                                                             
                  9      SPC = 1                                                                                 
                 10      OUTPUT                                                                                  
                 11      ACCELERATION(PLOT,REAL) = ALL                                                           
                 12      DISPLACEMENT(PLOT,REAL) = ALL                                                           
                 13      MEFFMASS(PRINT,SUMMARY) = YES                                                           
                 14      SPCFORCES(PLOT,REAL) = ALL                                                              
                 15      STRESS(PLOT,REAL,VONMISES,CENTER) = ALL                                                 
                 16      $*  STEP: SUBCASE - EIGENVALUE METHOD 1                                                 
                 17      SUBCASE 1                                                                               
                 18        LABEL = SUBCASE - EIGENVALUE METHOD 1                                                 
                 19        METHOD = 101                                                                          
                 20      $*                                                                                      
                 21      $*$$$$$$$$$$$$$$$$$$$$$$$$$$$$$$$$$$$                                                   
                 22      $*                                                                                      
                 23      $* BULK DATA                                                                            
                 24      $*                                                                                      
                 25      $*$$$$$$$$$$$$$$$$$$$$$$$$$$$$$$$$$$$                                                   
                 26      $*                                                                                      
                 27      BEGIN BULK                                                                              
0                             INPUT BULK DATA ENTRY COUNT =         907
0                       TOTAL COUNT=       852


                                        M O D E L   S U M M A R Y

                                   NUMBER OF GRID     POINTS   =      276
 
 
                                   NUMBER OF CBEAM    ELEMENTS =      270
                                   NUMBER OF CONM2    ELEMENTS =        2
 
                                   NUMBER OF RBE2     ELEMENTS =        5
 *** USER INFORMATION MESSAGE 4109 (OUTPBN2)
     THE LABEL IS NX2020.1 FOR FORTRAN UNIT 12
     (MAXIMUM SIZE OF FORTRAN RECORDS WRITTEN =        7 WORDS.)
     (NUMBER OF FORTRAN RECORDS WRITTEN =        8 RECORDS.)
     (TOTAL DATA WRITTEN FOR TAPE LABEL =       17 WORDS.)
1                                                                             MARCH  23, 2024  SIMCENTER NASTRAN  2/ 3/20   PAGE     4
                                                                                                                                    
0                                                                                                                                   
0                                                                                                                                   
                                                                                                                                    
                                                                                                                                    
 *** USER INFORMATION MESSAGE 4114 (OUTPBN2)
     DATA BLOCK IBULK    WRITTEN ON FORTRAN UNIT  12, TRL =
                    101                 1                 0                 0                 0                 0                 0
     (MAXIMUM POSSIBLE FORTRAN RECORD SIZE =    65538 WORDS.)
     (MAXIMUM SIZE OF FORTRAN RECORDS WRITTEN =       20 WORDS.)
     (NUMBER OF FORTRAN RECORDS WRITTEN =     4544 RECORDS.)
     (TOTAL DATA WRITTEN FOR DATA BLOCK =    21767 WORDS.)
 *** USER INFORMATION MESSAGE 4114 (OUTPBN2)
     DATA BLOCK ICASE    WRITTEN ON FORTRAN UNIT  12, TRL =
                    102                29                 0                 0                 0                 0                 0
     (MAXIMUM POSSIBLE FORTRAN RECORD SIZE =    65538 WORDS.)
     (MAXIMUM SIZE OF FORTRAN RECORDS WRITTEN =       20 WORDS.)
     (NUMBER OF FORTRAN RECORDS WRITTEN =      159 RECORDS.)
     (TOTAL DATA WRITTEN FOR DATA BLOCK =      722 WORDS.)
 *** USER INFORMATION MESSAGE 4114 (OUTPBN2)
     DATA BLOCK CASECC   WRITTEN ON FORTRAN UNIT  12, TRL =
                    103                 1                 0              1200                 0                 0                 0
     (MAXIMUM POSSIBLE FORTRAN RECORD SIZE =    65538 WORDS.)
     (MAXIMUM SIZE OF FORTRAN RECORDS WRITTEN =     1200 WORDS.)
     (NUMBER OF FORTRAN RECORDS WRITTEN =       19 RECORDS.)
     (TOTAL DATA WRITTEN FOR DATA BLOCK =     1226 WORDS.)
 *** USER INFORMATION MESSAGE 4114 (OUTPBN2)
     DATA BLOCK PVT0     WRITTEN ON FORTRAN UNIT  12, TRL =
                    101                33                 0                 0                 0                 0                 0
     (MAXIMUM POSSIBLE FORTRAN RECORD SIZE =    65538 WORDS.)
     (MAXIMUM SIZE OF FORTRAN RECORDS WRITTEN =       33 WORDS.)
     (NUMBER OF FORTRAN RECORDS WRITTEN =       19 RECORDS.)
     (TOTAL DATA WRITTEN FOR DATA BLOCK =       59 WORDS.)
 *** USER INFORMATION MESSAGE 2050 (ESCHEL)
     AUTOMPC PROCESSING COMPLETE
 *** USER INFORMATION MESSAGE 4114 (OUTPBN2)
     DATA BLOCK GPL      WRITTEN ON FORTRAN UNIT  12, TRL =
                    101               276               276                 0                 0                 0                 0
     (MAXIMUM POSSIBLE FORTRAN RECORD SIZE =    65538 WORDS.)
     (MAXIMUM SIZE OF FORTRAN RECORDS WRITTEN =      552 WORDS.)
     (NUMBER OF FORTRAN RECORDS WRITTEN =       24 RECORDS.)
     (TOTAL DATA WRITTEN FOR DATA BLOCK =      859 WORDS.)
 *** USER INFORMATION MESSAGE 4114 (OUTPBN2)
     DATA BLOCK GPDT     WRITTEN ON FORTRAN UNIT  12, TRL =
                    102               276                 7                 0                 1                 0                 0
     (MAXIMUM POSSIBLE FORTRAN RECORD SIZE =    65538 WORDS.)
     (MAXIMUM SIZE OF FORTRAN RECORDS WRITTEN =     2760 WORDS.)
     (NUMBER OF FORTRAN RECORDS WRITTEN =       19 RECORDS.)
     (TOTAL DATA WRITTEN FOR DATA BLOCK =     2786 WORDS.)
 *** USER INFORMATION MESSAGE 4114 (OUTPBN2)
     DATA BLOCK EPT      WRITTEN ON FORTRAN UNIT  12, TRL =
                    101                 0                 0                 0              1024                 0                16
     (MAXIMUM POSSIBLE FORTRAN RECORD SIZE =    65538 WORDS.)
     (MAXIMUM SIZE OF FORTRAN RECORDS WRITTEN =      594 WORDS.)
     (NUMBER OF FORTRAN RECORDS WRITTEN =       29 RECORDS.)
     (TOTAL DATA WRITTEN FOR DATA BLOCK =      809 WORDS.)
1                                                                             MARCH  23, 2024  SIMCENTER NASTRAN  2/ 3/20   PAGE     5
                                                                                                                                    
0                                                                                                                                   
0                                                                                                                                   
                                                                                                                                    
                                                                                                                                    
 *** USER INFORMATION MESSAGE 4114 (OUTPBN2)
     DATA BLOCK MPT      WRITTEN ON FORTRAN UNIT  12, TRL =
                    101             32768                 0                 0                 0                 0                 0
     (MAXIMUM POSSIBLE FORTRAN RECORD SIZE =    65538 WORDS.)
     (MAXIMUM SIZE OF FORTRAN RECORDS WRITTEN =       27 WORDS.)
     (NUMBER OF FORTRAN RECORDS WRITTEN =       24 RECORDS.)
     (TOTAL DATA WRITTEN FOR DATA BLOCK =       60 WORDS.)
 *** USER INFORMATION MESSAGE 4114 (OUTPBN2)
     DATA BLOCK GEOM2    WRITTEN ON FORTRAN UNIT  12, TRL =
                    101                 2                 0                 0              1024                 0                 0
     (MAXIMUM POSSIBLE FORTRAN RECORD SIZE =    65538 WORDS.)
     (MAXIMUM SIZE OF FORTRAN RECORDS WRITTEN =     4863 WORDS.)
     (NUMBER OF FORTRAN RECORDS WRITTEN =       29 RECORDS.)
     (TOTAL DATA WRITTEN FOR DATA BLOCK =     4929 WORDS.)
 *** USER INFORMATION MESSAGE 4114 (OUTPBN2)
     DATA BLOCK GEOM4    WRITTEN ON FORTRAN UNIT  12, TRL =
                    103                 0                 0                 0               512              2048                 0
     (MAXIMUM POSSIBLE FORTRAN RECORD SIZE =    65538 WORDS.)
     (MAXIMUM SIZE OF FORTRAN RECORDS WRITTEN =       35 WORDS.)
     (NUMBER OF FORTRAN RECORDS WRITTEN =       29 RECORDS.)
     (TOTAL DATA WRITTEN FOR DATA BLOCK =       99 WORDS.)
 *** USER INFORMATION MESSAGE 4114 (OUTPBN2)
     DATA BLOCK GEOM1    WRITTEN ON FORTRAN UNIT  12, TRL =
                    104                 0                 0                 8                 0                 0                 0
     (MAXIMUM POSSIBLE FORTRAN RECORD SIZE =    65538 WORDS.)
     (MAXIMUM SIZE OF FORTRAN RECORDS WRITTEN =     3039 WORDS.)
     (NUMBER OF FORTRAN RECORDS WRITTEN =       24 RECORDS.)
     (TOTAL DATA WRITTEN FOR DATA BLOCK =     3072 WORDS.)
 *** USER INFORMATION MESSAGE 4114 (OUTPBN2)
     DATA BLOCK BGPDT    WRITTEN ON FORTRAN UNIT  12, TRL =
                    105               276                 0              1656                 1                 0               818
     (MAXIMUM POSSIBLE FORTRAN RECORD SIZE =    65538 WORDS.)
     (MAXIMUM SIZE OF FORTRAN RECORDS WRITTEN =     3312 WORDS.)
     (NUMBER OF FORTRAN RECORDS WRITTEN =       24 RECORDS.)
     (TOTAL DATA WRITTEN FOR DATA BLOCK =     3894 WORDS.)
 *** USER INFORMATION MESSAGE 4114 (OUTPBN2)
     DATA BLOCK DYNAMICS WRITTEN ON FORTRAN UNIT  12, TRL =
                    102               256                 0                 0                 0                 0                 0
     (MAXIMUM POSSIBLE FORTRAN RECORD SIZE =    65538 WORDS.)
     (MAXIMUM SIZE OF FORTRAN RECORDS WRITTEN =       30 WORDS.)
     (NUMBER OF FORTRAN RECORDS WRITTEN =       24 RECORDS.)
     (TOTAL DATA WRITTEN FOR DATA BLOCK =       63 WORDS.)
 *** USER INFORMATION MESSAGE 4114 (OUTPBN2)
     DATA BLOCK EQEXIN   WRITTEN ON FORTRAN UNIT  12, TRL =
                    101               276                 0                 0                 0                 0                 0
     (MAXIMUM POSSIBLE FORTRAN RECORD SIZE =    65538 WORDS.)
     (MAXIMUM SIZE OF FORTRAN RECORDS WRITTEN =      552 WORDS.)
     (NUMBER OF FORTRAN RECORDS WRITTEN =       24 RECORDS.)
     (TOTAL DATA WRITTEN FOR DATA BLOCK =     1134 WORDS.)
1                                                                             MARCH  23, 2024  SIMCENTER NASTRAN  2/ 3/20   PAGE     6
                                                                                                                                    
0                                                                                                                                   
 *** USER INFORMATION MESSAGE 7310 (VECPRN)
     ORIGIN OF SUPERELEMENT BASIC COORDINATE SYSTEM WILL BE USED AS REFERENCE LOCATION.
     RESULTANTS ABOUT ORIGIN OF SUPERELEMENT BASIC COORDINATE SYSTEM IN SUPERELEMENT BASIC SYSTEM COORDINATES.
0                                                  OLOAD    RESULTANT       
  SUBCASE/    LOAD
  DAREA ID    TYPE       T1            T2            T3            R1            R2            R3
0        1     FX    0.000000E+00     ----          ----          ----       0.000000E+00  0.000000E+00                             
               FY       ----       0.000000E+00     ----       0.000000E+00     ----       0.000000E+00                             
               FZ       ----          ----       0.000000E+00  0.000000E+00  0.000000E+00     ----                                  
               MX       ----          ----          ----       0.000000E+00     ----          ----                                  
               MY       ----          ----          ----          ----       0.000000E+00     ----                                  
               MZ       ----          ----          ----          ----          ----       0.000000E+00                             
             TOTALS  0.000000E+00  0.000000E+00  0.000000E+00  0.000000E+00  0.000000E+00  0.000000E+00                             
 ^^^ USER INFORMATION MESSAGE (XMCE1)    
 ^^^ USING ALTERNATE MULTIPOINT CONSTRAINT ELIMINATION   
 *** USER INFORMATION MESSAGE - SINGULARITIES FOUND USING EIGENVALUE METHOD
 ***       0 SINGULARITIES FOUND         0 SINGULARITIES ELIMINATED
 *** SYSTEM INFORMATION MESSAGE 6916 (DFMSYN)
     DECOMP ORDERING METHOD CHOSEN: DEFAULT, ORDERING METHOD USED: MMD
 *** USER INFORMATION MESSAGE 5010 (LNCILS)
     STURM SEQUENCE DATA FOR EIGENVALUE EXTRACTION.
     TRIAL EIGENVALUE =  1.404439E+06, CYCLES =  1.886130E+02 NUMBER OF EIGENVALUES BELOW THIS VALUE =     6

 TABLE OF SHIFTS:  (LNNRIGL)
 SHIFT #        SHIFT VALUE         FREQUENCY, CYCLES     # EIGENVALUES BELOW    # NEW EIGENVALUES FOUND
     1.        1.4044388E+06          1.8861296E+02                 6                       10

1                                                                             MARCH  23, 2024  SIMCENTER NASTRAN  2/ 3/20   PAGE     7
                                                                                                                                    
0                                                                                                            SUBCASE 1              
0


                          E I G E N V A L U E  A N A L Y S I S   S U M M A R Y   (READ MODULE) 



                                     BLOCK SIZE USED ......................    7

                                     NUMBER OF DECOMPOSITIONS .............    1

                                     NUMBER OF ROOTS FOUND ................    6

                                     NUMBER OF SOLVES REQUIRED ............    8

1                                                                             MARCH  23, 2024  SIMCENTER NASTRAN  2/ 3/20   PAGE     8
                                                                                                                                    
0                                                                                                            SUBCASE 1              
 
                                              R E A L   E I G E N V A L U E S
   MODE    EXTRACTION      EIGENVALUE            RADIANS             CYCLES            GENERALIZED         GENERALIZED
    NO.       ORDER                                                                       MASS              STIFFNESS
        1         1        1.227606E+05        3.503721E+02        5.576345E+01        1.000000E+00        1.227606E+05
        2         2        1.227606E+05        3.503721E+02        5.576345E+01        1.000000E+00        1.227606E+05
        3         3        5.884279E+05        7.670906E+02        1.220863E+02        1.000000E+00        5.884279E+05
        4         4        5.884280E+05        7.670906E+02        1.220863E+02        1.000000E+00        5.884280E+05
        5         5        7.229327E+05        8.502545E+02        1.353222E+02        1.000000E+00        7.229327E+05
        6         6        1.133714E+06        1.064760E+03        1.694619E+02        1.000000E+00        1.133714E+06
1                                                                             MARCH  23, 2024  SIMCENTER NASTRAN  2/ 3/20   PAGE     9
                                                                                                                                    
0                                                                                                            SUBCASE 1              
1                                                                             MARCH  23, 2024  SIMCENTER NASTRAN  2/ 3/20   PAGE    10
                                                                                                                                    
0                                                                                                            SUBCASE 1              

                                       M O D A L   E F F E C T I V E   M A S S   S U M M A R Y



                                                    TOTAL EFFECTIVE MASS FRACTION
                                         REFERENCE POINT AT ORIGIN OF BASIC COORDINATE SYSTEM


                        T1                T2                T3                R1                R2                R3
                   9.756851E-01      9.756851E-01      8.885548E-01      9.811526E-01      9.811526E-01      7.739404E-01




                                                        EFFECTIVE MASS MATRIX   
                       ***                                                                                  ***
                       *   8.937709E+00  2.486172E-08  1.140502E-08  2.483654E-07  2.558066E+03 -5.970031E-06 *
                       *   2.486172E-08  8.937709E+00  1.981021E-08 -2.558066E+03  4.545217E-06 -1.092452E-07 *
                       *   1.140502E-08  1.981021E-08  8.139557E+00 -9.975560E-07  5.864031E-07 -3.841651E-06 *
                       *   2.483654E-07 -2.558066E+03 -9.975560E-07  8.548397E+05 -3.788590E-04 -2.255709E-04 *
                       *   2.558066E+03  4.545217E-06  5.864031E-07 -3.788590E-04  8.548397E+05 -4.248951E-04 *
                       *  -5.970031E-06 -1.092452E-07 -3.841651E-06 -2.255709E-04 -4.248951E-04  2.397032E+04 *
                       ***                                                                                  ***

                                                     A-SET RIGID BODY MASS MATRIX
                       ***                                                                                  ***
                       *   9.160444E+00  2.000353E-17 -1.288824E-17 -7.186164E-15  2.587121E+03 -7.386873E-09 *
                       *   2.000353E-17  9.160444E+00  1.739256E-17 -2.587121E+03  7.740570E-15 -7.498440E-09 *
                       *  -1.288824E-17  1.739256E-17  9.160444E+00  7.386845E-09  7.498442E-09 -5.544062E-16 *
                       *  -7.186164E-15 -2.587121E+03  7.386845E-09  8.712607E+05 -3.051887E-07  1.810315E-06 *
                       *   2.587121E+03  7.740570E-15  7.498428E-09 -3.051887E-07  8.712607E+05 -1.169101E-06 *
                       *  -7.386859E-09 -7.498443E-09 -5.544062E-16  1.810315E-06 -1.169101E-06  3.097178E+04 *
                       ***                                                                                  ***

1                                                                             MARCH  23, 2024  SIMCENTER NASTRAN  2/ 3/20   PAGE    11
                                                                                                                                    
0                                                                                                            SUBCASE 1              
 *** USER INFORMATION MESSAGE 7310 (VECPRN)
     ORIGIN OF SUPERELEMENT BASIC COORDINATE SYSTEM WILL BE USED AS REFERENCE LOCATION.
     RESULTANTS ABOUT ORIGIN OF SUPERELEMENT BASIC COORDINATE SYSTEM IN SUPERELEMENT BASIC SYSTEM COORDINATES.
0                                                  SPCFORCE RESULTANT       
  SUBCASE/    LOAD
  DAREA ID    TYPE       T1            T2            T3            R1            R2            R3
0        1     FX    3.520351E+05     ----          ----          ----       3.251768E-08  2.140027E+06                             
               FY       ----       2.093870E+04     ----      -1.934119E-09     ----      -2.140026E+06                             
               FZ       ----          ----       9.568725E-04 -6.581794E+06  1.106574E+08     ----                                  
               MX       ----          ----          ----      -1.179746E+05     ----          ----                                  
               MY       ----          ----          ----          ----       1.983465E+06     ----                                  
               MZ       ----          ----          ----          ----          ----      -7.497460E-01                             
             TOTALS  3.520351E+05  2.093870E+04  9.568725E-04 -6.699769E+06  1.126409E+08 -1.319392E-01                             
0        2     FX   -2.093870E+04     ----          ----          ----      -1.934119E-09  3.597951E+07                             
               FY       ----       3.520351E+05     ----      -3.251768E-08     ----      -3.597951E+07                             
               FZ       ----          ----       1.487515E-03 -1.106574E+08 -6.581794E+06     ----                                  
               MX       ----          ----          ----      -1.983466E+06     ----          ----                                  
               MY       ----          ----          ----          ----      -1.179748E+05     ----                                  
               MZ       ----          ----          ----          ----          ----       7.360597E-01                             
             TOTALS -2.093870E+04  3.520351E+05  1.487515E-03 -1.126409E+08 -6.699769E+06 -1.174334E-02                             
0        3     FX    2.880643E+05     ----          ----          ----       2.660866E-08 -1.492386E+07                             
               FY       ----       3.927556E+05     ----      -3.627906E-08     ----       1.492386E+07                             
               FZ       ----          ----       1.446310E-01  5.178322E+07 -3.798010E+07     ----                                  
               MX       ----          ----          ----      -4.489667E+06     ----          ----                                  
               MY       ----          ----          ----          ----       3.292917E+06     ----                                  
               MZ       ----          ----          ----          ----          ----      -7.829903E-01                             
             TOTALS  2.880643E+05  3.927556E+05  1.446310E-01  4.729355E+07 -3.468719E+07 -2.190509E+00                             
0        4     FX    3.927557E+05     ----          ----          ----       3.627906E-08  1.094582E+07                             
               FY       ----      -2.880643E+05     ----       2.660866E-08     ----      -1.094582E+07                             
               FZ       ----          ----      -1.627372E-02 -3.798010E+07 -5.178322E+07     ----                                  
               MX       ----          ----          ----       3.292921E+06     ----          ----                                  
               MY       ----          ----          ----          ----       4.489668E+06     ----                                  
               MZ       ----          ----          ----          ----          ----      -3.418770E-01                             
             TOTALS  3.927557E+05 -2.880643E+05 -1.627372E-02 -3.468718E+07 -4.729355E+07 -4.547915E+00                             
0        5     FX   -2.801763E-02     ----          ----          ----      -2.588004E-15 -1.963588E-01                             
               FY       ----      -4.911301E-02     ----       4.536596E-15     ----      -4.103654E+00                             
               FZ       ----          ----       2.062520E+06 -4.567485E+00  2.679128E+00     ----                                  
               MX       ----          ----          ----       1.816980E+00     ----          ----                                  
               MY       ----          ----          ----          ----      -1.052781E+00     ----                                  
               MZ       ----          ----          ----          ----          ----       9.558054E-01                             
             TOTALS -2.801763E-02 -4.911301E-02  2.062520E+06 -2.750504E+00  1.626346E+00 -3.344208E+00                             
0        6     FX    2.987924E-02     ----          ----          ----       2.759962E-15  8.856373E+07                             
               FY       ----      -6.975130E-03     ----       6.442966E-16     ----       8.856373E+07                             
               FZ       ----          ----       6.851156E-02 -6.664465E-01 -1.949438E+00     ----                                  
               MX       ----          ----          ----      -3.198483E+00     ----          ----                                  
               MY       ----          ----          ----          ----      -1.257419E-01     ----                                  
               MZ       ----          ----          ----          ----          ----      -1.601836E+06                             
             TOTALS  2.987924E-02 -6.975130E-03  6.851156E-02 -3.864930E+00 -2.075180E+00  1.755256E+08                             
 *** USER INFORMATION MESSAGE 4114 (OUTPBN2)
     DATA BLOCK OQG1     WRITTEN ON FORTRAN UNIT  12, TRL =
                    101                 0             13248                23                24                 0                 1
     (MAXIMUM POSSIBLE FORTRAN RECORD SIZE =    65538 WORDS.)
     (MAXIMUM SIZE OF FORTRAN RECORDS WRITTEN =     2208 WORDS.)
     (NUMBER OF FORTRAN RECORDS WRITTEN =       74 RECORDS.)
     (TOTAL DATA WRITTEN FOR DATA BLOCK =    14199 WORDS.)
 *** USER INFORMATION MESSAGE 4114 (OUTPBN2)
     DATA BLOCK LAMA     WRITTEN ON FORTRAN UNIT  12, TRL =
                    101                 6                 0                 0                 0                 0                 0
     (MAXIMUM POSSIBLE FORTRAN RECORD SIZE =    65538 WORDS.)
     (MAXIMUM SIZE OF FORTRAN RECORDS WRITTEN =      146 WORDS.)
     (NUMBER OF FORTRAN RECORDS WRITTEN =       24 RECORDS.)
     (TOTAL DATA WRITTEN FOR DATA BLOCK =      218 WORDS.)
 *** USER INFORMATION MESSAGE 4114 (OUTPBN2)
     DATA BLOCK BOPHIG   WRITTEN ON FORTRAN UNIT  12, TRL =
                    101                 0             13248                23                24                 0                 1
     (MAXIMUM POSSIBLE FORTRAN RECORD SIZE =    65538 WORDS.)
     (MAXIMUM SIZE OF FORTRAN RECORDS WRITTEN =     2208 WORDS.)
     (NUMBER OF FORTRAN RECORDS WRITTEN =       74 RECORDS.)
     (TOTAL DATA WRITTEN FOR DATA BLOCK =    14199 WORDS.)
 *** USER INFORMATION MESSAGE 4114 (OUTPBN2)
     DATA BLOCK OES1     WRITTEN ON FORTRAN UNIT  12, TRL =
                    101                63                 3                23                24                 0                 1
     (MAXIMUM POSSIBLE FORTRAN RECORD SIZE =    65538 WORDS.)
     (MAXIMUM SIZE OF FORTRAN RECORDS WRITTEN =    29970 WORDS.)
     (NUMBER OF FORTRAN RECORDS WRITTEN =       74 RECORDS.)
     (TOTAL DATA WRITTEN FOR DATA BLOCK =   180771 WORDS.)
1                                                                             MARCH  23, 2024  SIMCENTER NASTRAN  2/ 3/20   PAGE    12
                                                                                                                                    
0                                                                                                            SUBCASE 1              
1                                                                             MARCH  23, 2024  SIMCENTER NASTRAN  2/ 3/20   PAGE    13
                                                                                                                                    
0                                                                                                            SUBCASE 1              
1                                                                             MARCH  23, 2024  SIMCENTER NASTRAN  2/ 3/20   PAGE    14
                                                                                                                                    
0                                                                                                            SUBCASE 1              
 *** USER INFORMATION MESSAGE 4110 (OUTPBN2)
                                 END-OF-DATA SIMULATION ON FORTRAN UNIT 12
                                 (MAXIMUM SIZE OF FORTRAN RECORDS WRITTEN =      1 WORDS.)
                                       (NUMBER OF FORTRAN RECORDS WRITTEN =      1 RECORDS.)
                                       (TOTAL DATA WRITTEN FOR EOF MARKER =      1 WORDS.)
1                                                                             MARCH  23, 2024  SIMCENTER NASTRAN  2/ 3/20   PAGE    15
                                                                                                                                    
0                                                                                                            SUBCASE 1              
 * * * *  D B D I C T   P R I N T  * * * *      SUBDMAP = PRTSUM  ,  DMAP STATEMENT NO.     28



0                                   * * * *  A N A L Y S I S  S U M M A R Y  T A B L E  * * * *
0 SEID  PEID PROJ VERS APRCH      SEMG SEMR SEKR SELG SELR MODES DYNRED SOLLIN PVALID SOLNL LOOPID DESIGN CYCLE SENSITIVITY
 --------------------------------------------------------------------------------------------------------------------------
     0     0    1    1 '        '    T    T    T    T    T     T      F      T      0     F     -1            0           F
0SEID = SUPERELEMENT ID.
 PEID = PRIMARY SUPERELEMENT ID OF IMAGE SUPERELEMENT.
 PROJ = PROJECT ID NUMBER.
 VERS = VERSION ID.
 APRCH = BLANK FOR STRUCTURAL ANALYSIS.  HEAT FOR HEAT TRANSFER ANALYSIS.
 SEMG = STIFFNESS AND MASS MATRIX GENERATION STEP.
 SEMR = MASS MATRIX REDUCTION STEP (INCLUDES EIGENVALUE SOLUTION FOR MODES).
 SEKR = STIFFNESS MATRIX REDUCTION STEP.
 SELG = LOAD MATRIX GENERATION STEP.
 SELR = LOAD MATRIX REDUCTION STEP. 
 MODES = T (TRUE) IF NORMAL MODES OR BUCKLING MODES CALCULATED.
 DYNRED = T (TRUE) MEANS GENERALIZED DYNAMIC AND/OR COMPONENT MODE REDUCTION PERFORMED.
 SOLLIN = T (TRUE) IF LINEAR SOLUTION EXISTS IN DATABASE.
 PVALID = P-DISTRIBUTION ID OF P-VALUE FOR P-ELEMENTS
 LOOPID = THE LAST LOOPID VALUE USED IN THE NONLINEAR ANALYSIS.  USEFUL FOR RESTARTS.
 SOLNL = T (TRUE) IF NONLINEAR SOLUTION EXISTS IN DATABASE.
 DESIGN CYCLE = THE LAST DESIGN CYCLE (ONLY VALID IN OPTIMIZATION).
 SENSITIVITY = SENSITIVITY MATRIX GENERATION FLAG.
1                                        * * * END OF JOB * * *
 
 
